<?xml version="1.0" encoding="UTF-8"?>
<coverage generated="1711030754814" clover="3.2.0">
  <project timestamp="1711030754814" name="All files">
    <metrics statements="77" coveredstatements="61" conditionals="90" coveredconditionals="82" methods="20" coveredmethods="17" elements="187" coveredelements="160" complexity="0" loc="77" ncloc="77" packages="3" files="4" classes="4"/>
    <package name="src">
      <metrics statements="10" coveredstatements="9" conditionals="0" coveredconditionals="0" methods="3" coveredmethods="3"/>
      <file name="App.js" path="C:\Users\Aicha\Desktop\MAJ_project\my-app\src\App.js">
        <metrics statements="10" coveredstatements="9" conditionals="0" coveredconditionals="0" methods="3" coveredmethods="3"/>
        <line num="7" count="1" type="stmt"/>
        <line num="8" count="1" type="stmt"/>
        <line num="10" count="1" type="stmt"/>
        <line num="12" count="1" type="stmt"/>
        <line num="13" count="1" type="stmt"/>
        <line num="16" count="1" type="stmt"/>
        <line num="17" count="0" type="stmt"/>
        <line num="19" count="1" type="stmt"/>
        <line num="22" count="1" type="stmt"/>
        <line num="25" count="1" type="stmt"/>
      </file>
    </package>
    <package name="src.components">
      <metrics statements="36" coveredstatements="21" conditionals="52" coveredconditionals="44" methods="10" coveredmethods="7"/>
      <file name="Form.js" path="C:\Users\Aicha\Desktop\MAJ_project\my-app\src\components\Form.js">
        <metrics statements="36" coveredstatements="21" conditionals="52" coveredconditionals="44" methods="10" coveredmethods="7"/>
        <line num="27" count="136" type="stmt"/>
        <line num="36" count="136" type="stmt"/>
        <line num="50" count="136" type="stmt"/>
        <line num="51" count="68" type="stmt"/>
        <line num="52" count="68" type="stmt"/>
        <line num="53" count="68" type="stmt"/>
        <line num="54" count="68" type="stmt"/>
        <line num="64" count="136" type="stmt"/>
        <line num="65" count="68" type="cond" truecount="6" falsecount="1"/>
        <line num="67" count="13" type="stmt"/>
        <line num="69" count="17" type="stmt"/>
        <line num="71" count="12" type="stmt"/>
        <line num="73" count="10" type="stmt"/>
        <line num="75" count="7" type="stmt"/>
        <line num="77" count="9" type="stmt"/>
        <line num="79" count="0" type="stmt"/>
        <line num="86" count="136" type="stmt"/>
        <line num="87" count="0" type="stmt"/>
        <line num="88" count="0" type="stmt"/>
        <line num="89" count="0" type="stmt"/>
        <line num="90" count="0" type="stmt"/>
        <line num="93" count="0" type="stmt"/>
        <line num="95" count="0" type="stmt"/>
        <line num="96" count="0" type="stmt"/>
        <line num="98" count="0" type="cond" truecount="0" falsecount="4"/>
        <line num="99" count="0" type="stmt"/>
        <line num="100" count="0" type="stmt"/>
        <line num="101" count="0" type="stmt"/>
        <line num="110" count="0" type="cond" truecount="0" falsecount="2"/>
        <line num="111" count="0" type="stmt"/>
        <line num="115" count="0" type="stmt"/>
        <line num="126" count="136" type="stmt"/>
        <line num="361" count="36" type="stmt"/>
        <line num="371" count="36" type="stmt"/>
        <line num="381" count="36" type="stmt"/>
        <line num="393" count="773" type="cond" truecount="2" falsecount="0"/>
      </file>
    </package>
    <package name="src.utils">
      <metrics statements="31" coveredstatements="31" conditionals="38" coveredconditionals="38" methods="7" coveredmethods="7"/>
      <file name="calculateAge.js" path="C:\Users\Aicha\Desktop\MAJ_project\my-app\src\utils\calculateAge.js">
        <metrics statements="13" coveredstatements="13" conditionals="12" coveredconditionals="12" methods="1" coveredmethods="1"/>
        <line num="11" count="8" type="cond" truecount="2" falsecount="0"/>
        <line num="12" count="1" type="stmt"/>
        <line num="15" count="7" type="cond" truecount="2" falsecount="0"/>
        <line num="16" count="1" type="stmt"/>
        <line num="19" count="6" type="cond" truecount="2" falsecount="0"/>
        <line num="20" count="1" type="stmt"/>
        <line num="23" count="5" type="stmt"/>
        <line num="25" count="5" type="cond" truecount="4" falsecount="0"/>
        <line num="26" count="1" type="stmt"/>
        <line num="29" count="4" type="cond" truecount="2" falsecount="0"/>
        <line num="30" count="1" type="stmt"/>
        <line num="35" count="3" type="stmt"/>
        <line num="36" count="3" type="stmt"/>
      </file>
      <file name="validations.js" path="C:\Users\Aicha\Desktop\MAJ_project\my-app\src\utils\validations.js">
        <metrics statements="18" coveredstatements="18" conditionals="26" coveredconditionals="26" methods="6" coveredmethods="6"/>
        <line num="8" count="3" type="stmt"/>
        <line num="9" count="20" type="cond" truecount="2" falsecount="0"/>
        <line num="22" count="3" type="stmt"/>
        <line num="23" count="21" type="cond" truecount="2" falsecount="0"/>
        <line num="36" count="3" type="stmt"/>
        <line num="37" count="15" type="cond" truecount="2" falsecount="0"/>
        <line num="50" count="3" type="stmt"/>
        <line num="51" count="13" type="cond" truecount="2" falsecount="0"/>
        <line num="64" count="3" type="stmt"/>
        <line num="65" count="11" type="cond" truecount="2" falsecount="0"/>
        <line num="78" count="3" type="stmt"/>
        <line num="79" count="12" type="stmt"/>
        <line num="80" count="12" type="stmt"/>
        <line num="82" count="12" type="cond" truecount="4" falsecount="0"/>
        <line num="83" count="1" type="stmt"/>
        <line num="86" count="11" type="cond" truecount="2" falsecount="0"/>
        <line num="87" count="2" type="stmt"/>
        <line num="90" count="9" type="stmt"/>
      </file>
    </package>
  </project>
</coverage>
