{"C:\\Users\\Aicha\\Desktop\\MAJ_project\\my-app\\src\\App.js": {"path":"C:\\Users\\Aicha\\Desktop\\MAJ_project\\my-app\\src\\App.js","statementMap":{"0":{"start":{"line":7,"column":15},"end":{"line":7,"column":48}},"1":{"start":{"line":8,"column":36},"end":{"line":8,"column":47}},"2":{"start":{"line":10,"column":2},"end":{"line":23,"column":9}},"3":{"start":{"line":12,"column":6},"end":{"line":20,"column":7}},"4":{"start":{"line":13,"column":20},"end":{"line":15,"column":10}},"5":{"start":{"line":16,"column":25},"end":{"line":16,"column":48}},"6":{"start":{"line":17,"column":8},"end":{"line":17,"column":57}},"7":{"start":{"line":19,"column":8},"end":{"line":19,"column":29}},"8":{"start":{"line":22,"column":4},"end":{"line":22,"column":17}},"9":{"start":{"line":25,"column":2},"end":{"line":32,"column":4}}},"fnMap":{"0":{"name":"App","decl":{"start":{"line":6,"column":9},"end":{"line":6,"column":12}},"loc":{"start":{"line":6,"column":15},"end":{"line":33,"column":1}},"line":6},"1":{"name":"(anonymous_1)","decl":{"start":{"line":10,"column":12},"end":{"line":10,"column":13}},"loc":{"start":{"line":10,"column":18},"end":{"line":23,"column":3}},"line":10},"2":{"name":"countUsers","decl":{"start":{"line":11,"column":19},"end":{"line":11,"column":29}},"loc":{"start":{"line":11,"column":32},"end":{"line":21,"column":5}},"line":11}},"branchMap":{},"s":{"0":1,"1":1,"2":1,"3":1,"4":1,"5":1,"6":0,"7":1,"8":1,"9":1},"f":{"0":1,"1":1,"2":1},"b":{},"_coverageSchema":"1a1c01bbd47fc00a2c39e90264f33305004495a9","hash":"350c4570dd06b561ec40809f816f49b7afca8bec"}
,"C:\\Users\\Aicha\\Desktop\\MAJ_project\\my-app\\src\\components\\Form.js": {"path":"C:\\Users\\Aicha\\Desktop\\MAJ_project\\my-app\\src\\components\\Form.js","statementMap":{"0":{"start":{"line":27,"column":34},"end":{"line":34,"column":4}},"1":{"start":{"line":36,"column":30},"end":{"line":43,"column":4}},"2":{"start":{"line":50,"column":28},"end":{"line":55,"column":3}},"3":{"start":{"line":51,"column":28},"end":{"line":51,"column":36}},"4":{"start":{"line":52,"column":4},"end":{"line":52,"column":48}},"5":{"start":{"line":53,"column":25},"end":{"line":53,"column":51}},"6":{"start":{"line":54,"column":4},"end":{"line":54,"column":51}},"7":{"start":{"line":64,"column":24},"end":{"line":81,"column":3}},"8":{"start":{"line":65,"column":4},"end":{"line":80,"column":5}},"9":{"start":{"line":67,"column":8},"end":{"line":67,"column":39}},"10":{"start":{"line":69,"column":8},"end":{"line":69,"column":38}},"11":{"start":{"line":71,"column":8},"end":{"line":71,"column":35}},"12":{"start":{"line":73,"column":8},"end":{"line":73,"column":40}},"13":{"start":{"line":75,"column":8},"end":{"line":75,"column":34}},"14":{"start":{"line":77,"column":8},"end":{"line":77,"column":39}},"15":{"start":{"line":79,"column":8},"end":{"line":79,"column":18}},"16":{"start":{"line":86,"column":21},"end":{"line":118,"column":3}},"17":{"start":{"line":87,"column":23},"end":{"line":87,"column":25}},"18":{"start":{"line":88,"column":4},"end":{"line":91,"column":7}},"19":{"start":{"line":89,"column":27},"end":{"line":89,"column":62}},"20":{"start":{"line":90,"column":6},"end":{"line":90,"column":38}},"21":{"start":{"line":93,"column":4},"end":{"line":93,"column":26}},"22":{"start":{"line":95,"column":16},"end":{"line":95,"column":59}},"23":{"start":{"line":96,"column":20},"end":{"line":96,"column":28}},"24":{"start":{"line":98,"column":4},"end":{"line":117,"column":5}},"25":{"start":{"line":98,"column":62},"end":{"line":98,"column":68}},"26":{"start":{"line":99,"column":6},"end":{"line":99,"column":65}},"27":{"start":{"line":100,"column":6},"end":{"line":100,"column":45}},"28":{"start":{"line":101,"column":6},"end":{"line":108,"column":9}},"29":{"start":{"line":110,"column":6},"end":{"line":116,"column":7}},"30":{"start":{"line":111,"column":8},"end":{"line":113,"column":11}},"31":{"start":{"line":115,"column":8},"end":{"line":115,"column":65}},"32":{"start":{"line":126,"column":2},"end":{"line":401,"column":4}},"33":{"start":{"line":361,"column":52},"end":{"line":361,"column":64}},"34":{"start":{"line":371,"column":55},"end":{"line":371,"column":67}},"35":{"start":{"line":381,"column":55},"end":{"line":381,"column":67}},"36":{"start":{"line":393,"column":49},"end":{"line":393,"column":61}}},"fnMap":{"0":{"name":"Form","decl":{"start":{"line":20,"column":24},"end":{"line":20,"column":28}},"loc":{"start":{"line":20,"column":31},"end":{"line":402,"column":1}},"line":20},"1":{"name":"(anonymous_1)","decl":{"start":{"line":50,"column":28},"end":{"line":50,"column":29}},"loc":{"start":{"line":50,"column":35},"end":{"line":55,"column":3}},"line":50},"2":{"name":"(anonymous_2)","decl":{"start":{"line":64,"column":24},"end":{"line":64,"column":25}},"loc":{"start":{"line":64,"column":41},"end":{"line":81,"column":3}},"line":64},"3":{"name":"(anonymous_3)","decl":{"start":{"line":86,"column":21},"end":{"line":86,"column":22}},"loc":{"start":{"line":86,"column":27},"end":{"line":118,"column":3}},"line":86},"4":{"name":"(anonymous_4)","decl":{"start":{"line":88,"column":34},"end":{"line":88,"column":35}},"loc":{"start":{"line":88,"column":44},"end":{"line":91,"column":5}},"line":88},"5":{"name":"(anonymous_5)","decl":{"start":{"line":98,"column":51},"end":{"line":98,"column":52}},"loc":{"start":{"line":98,"column":62},"end":{"line":98,"column":68}},"line":98},"6":{"name":"(anonymous_6)","decl":{"start":{"line":361,"column":41},"end":{"line":361,"column":42}},"loc":{"start":{"line":361,"column":52},"end":{"line":361,"column":64}},"line":361},"7":{"name":"(anonymous_7)","decl":{"start":{"line":371,"column":44},"end":{"line":371,"column":45}},"loc":{"start":{"line":371,"column":55},"end":{"line":371,"column":67}},"line":371},"8":{"name":"(anonymous_8)","decl":{"start":{"line":381,"column":44},"end":{"line":381,"column":45}},"loc":{"start":{"line":381,"column":55},"end":{"line":381,"column":67}},"line":381},"9":{"name":"(anonymous_9)","decl":{"start":{"line":393,"column":38},"end":{"line":393,"column":39}},"loc":{"start":{"line":393,"column":49},"end":{"line":393,"column":61}},"line":393}},"branchMap":{"0":{"loc":{"start":{"line":65,"column":4},"end":{"line":80,"column":5}},"type":"switch","locations":[{"start":{"line":66,"column":6},"end":{"line":67,"column":39}},{"start":{"line":68,"column":6},"end":{"line":69,"column":38}},{"start":{"line":70,"column":6},"end":{"line":71,"column":35}},{"start":{"line":72,"column":6},"end":{"line":73,"column":40}},{"start":{"line":74,"column":6},"end":{"line":75,"column":34}},{"start":{"line":76,"column":6},"end":{"line":77,"column":39}},{"start":{"line":78,"column":6},"end":{"line":79,"column":18}}],"line":65},"1":{"loc":{"start":{"line":98,"column":4},"end":{"line":117,"column":5}},"type":"if","locations":[{"start":{"line":98,"column":4},"end":{"line":117,"column":5}},{"start":{"line":109,"column":11},"end":{"line":117,"column":5}}],"line":98},"2":{"loc":{"start":{"line":98,"column":8},"end":{"line":98,"column":69}},"type":"binary-expr","locations":[{"start":{"line":98,"column":8},"end":{"line":98,"column":15}},{"start":{"line":98,"column":19},"end":{"line":98,"column":69}}],"line":98},"3":{"loc":{"start":{"line":110,"column":6},"end":{"line":116,"column":7}},"type":"if","locations":[{"start":{"line":110,"column":6},"end":{"line":116,"column":7}},{"start":{"line":114,"column":13},"end":{"line":116,"column":7}}],"line":110},"4":{"loc":{"start":{"line":156,"column":16},"end":{"line":156,"column":71}},"type":"cond-expr","locations":[{"start":{"line":156,"column":35},"end":{"line":156,"column":51}},{"start":{"line":156,"column":54},"end":{"line":156,"column":71}}],"line":156},"5":{"loc":{"start":{"line":191,"column":16},"end":{"line":191,"column":70}},"type":"cond-expr","locations":[{"start":{"line":191,"column":34},"end":{"line":191,"column":50}},{"start":{"line":191,"column":53},"end":{"line":191,"column":70}}],"line":191},"6":{"loc":{"start":{"line":224,"column":16},"end":{"line":224,"column":67}},"type":"cond-expr","locations":[{"start":{"line":224,"column":31},"end":{"line":224,"column":47}},{"start":{"line":224,"column":50},"end":{"line":224,"column":67}}],"line":224},"7":{"loc":{"start":{"line":257,"column":16},"end":{"line":257,"column":71}},"type":"cond-expr","locations":[{"start":{"line":257,"column":35},"end":{"line":257,"column":51}},{"start":{"line":257,"column":54},"end":{"line":257,"column":71}}],"line":257},"8":{"loc":{"start":{"line":292,"column":16},"end":{"line":292,"column":66}},"type":"cond-expr","locations":[{"start":{"line":292,"column":30},"end":{"line":292,"column":46}},{"start":{"line":292,"column":49},"end":{"line":292,"column":66}}],"line":292},"9":{"loc":{"start":{"line":327,"column":16},"end":{"line":327,"column":72}},"type":"cond-expr","locations":[{"start":{"line":327,"column":36},"end":{"line":327,"column":52}},{"start":{"line":327,"column":55},"end":{"line":327,"column":72}}],"line":327},"10":{"loc":{"start":{"line":355,"column":14},"end":{"line":361,"column":65}},"type":"binary-expr","locations":[{"start":{"line":355,"column":14},"end":{"line":355,"column":33}},{"start":{"line":356,"column":14},"end":{"line":356,"column":32}},{"start":{"line":357,"column":14},"end":{"line":357,"column":33}},{"start":{"line":358,"column":14},"end":{"line":358,"column":29}},{"start":{"line":359,"column":14},"end":{"line":359,"column":34}},{"start":{"line":360,"column":14},"end":{"line":360,"column":28}},{"start":{"line":361,"column":14},"end":{"line":361,"column":65}}],"line":355},"11":{"loc":{"start":{"line":365,"column":16},"end":{"line":373,"column":33}},"type":"cond-expr","locations":[{"start":{"line":372,"column":20},"end":{"line":372,"column":29}},{"start":{"line":373,"column":20},"end":{"line":373,"column":33}}],"line":365},"12":{"loc":{"start":{"line":365,"column":16},"end":{"line":371,"column":68}},"type":"binary-expr","locations":[{"start":{"line":365,"column":16},"end":{"line":365,"column":34}},{"start":{"line":366,"column":16},"end":{"line":366,"column":33}},{"start":{"line":367,"column":16},"end":{"line":367,"column":34}},{"start":{"line":368,"column":16},"end":{"line":368,"column":30}},{"start":{"line":369,"column":16},"end":{"line":369,"column":35}},{"start":{"line":370,"column":16},"end":{"line":370,"column":29}},{"start":{"line":371,"column":16},"end":{"line":371,"column":68}}],"line":365},"13":{"loc":{"start":{"line":375,"column":16},"end":{"line":383,"column":23}},"type":"cond-expr","locations":[{"start":{"line":382,"column":20},"end":{"line":382,"column":21}},{"start":{"line":383,"column":20},"end":{"line":383,"column":23}}],"line":375},"14":{"loc":{"start":{"line":375,"column":16},"end":{"line":381,"column":68}},"type":"binary-expr","locations":[{"start":{"line":375,"column":16},"end":{"line":375,"column":34}},{"start":{"line":376,"column":16},"end":{"line":376,"column":33}},{"start":{"line":377,"column":16},"end":{"line":377,"column":34}},{"start":{"line":378,"column":16},"end":{"line":378,"column":30}},{"start":{"line":379,"column":16},"end":{"line":379,"column":35}},{"start":{"line":380,"column":16},"end":{"line":380,"column":29}},{"start":{"line":381,"column":16},"end":{"line":381,"column":68}}],"line":375},"15":{"loc":{"start":{"line":393,"column":11},"end":{"line":397,"column":11}},"type":"binary-expr","locations":[{"start":{"line":393,"column":11},"end":{"line":393,"column":62}},{"start":{"line":394,"column":12},"end":{"line":396,"column":16}}],"line":393}},"s":{"0":136,"1":136,"2":136,"3":68,"4":68,"5":68,"6":68,"7":136,"8":68,"9":13,"10":17,"11":12,"12":10,"13":7,"14":9,"15":0,"16":136,"17":0,"18":0,"19":0,"20":0,"21":0,"22":0,"23":0,"24":0,"25":0,"26":0,"27":0,"28":0,"29":0,"30":0,"31":0,"32":136,"33":36,"34":36,"35":36,"36":773},"f":{"0":136,"1":68,"2":68,"3":0,"4":0,"5":0,"6":36,"7":36,"8":36,"9":773},"b":{"0":[13,17,12,10,7,9,0],"1":[0,0],"2":[0,0],"3":[0,0],"4":[3,133],"5":[3,133],"6":[5,131],"7":[1,135],"8":[0,136],"9":[3,133],"10":[136,38,30,16,16,6,6],"11":[6,130],"12":[136,38,30,16,16,6,6],"13":[6,130],"14":[136,38,30,16,16,6,6],"15":[136,15]},"_coverageSchema":"1a1c01bbd47fc00a2c39e90264f33305004495a9","hash":"bf802974afe114a06cd69079f8b7586b6df59d54"}
,"C:\\Users\\Aicha\\Desktop\\MAJ_project\\my-app\\src\\utils\\calculateAge.js": {"path":"C:\\Users\\Aicha\\Desktop\\MAJ_project\\my-app\\src\\utils\\calculateAge.js","statementMap":{"0":{"start":{"line":11,"column":2},"end":{"line":13,"column":3}},"1":{"start":{"line":12,"column":4},"end":{"line":12,"column":46}},"2":{"start":{"line":15,"column":2},"end":{"line":17,"column":3}},"3":{"start":{"line":16,"column":4},"end":{"line":16,"column":69}},"4":{"start":{"line":19,"column":2},"end":{"line":21,"column":3}},"5":{"start":{"line":20,"column":4},"end":{"line":20,"column":70}},"6":{"start":{"line":23,"column":20},"end":{"line":23,"column":37}},"7":{"start":{"line":25,"column":2},"end":{"line":27,"column":3}},"8":{"start":{"line":26,"column":4},"end":{"line":26,"column":73}},"9":{"start":{"line":29,"column":2},"end":{"line":33,"column":3}},"10":{"start":{"line":30,"column":4},"end":{"line":32,"column":6}},"11":{"start":{"line":35,"column":19},"end":{"line":35,"column":61}},"12":{"start":{"line":36,"column":2},"end":{"line":36,"column":52}}},"fnMap":{"0":{"name":"calculateAge","decl":{"start":{"line":10,"column":16},"end":{"line":10,"column":28}},"loc":{"start":{"line":10,"column":32},"end":{"line":37,"column":1}},"line":10}},"branchMap":{"0":{"loc":{"start":{"line":11,"column":2},"end":{"line":13,"column":3}},"type":"if","locations":[{"start":{"line":11,"column":2},"end":{"line":13,"column":3}},{"start":{},"end":{}}],"line":11},"1":{"loc":{"start":{"line":15,"column":2},"end":{"line":17,"column":3}},"type":"if","locations":[{"start":{"line":15,"column":2},"end":{"line":17,"column":3}},{"start":{},"end":{}}],"line":15},"2":{"loc":{"start":{"line":19,"column":2},"end":{"line":21,"column":3}},"type":"if","locations":[{"start":{"line":19,"column":2},"end":{"line":21,"column":3}},{"start":{},"end":{}}],"line":19},"3":{"loc":{"start":{"line":25,"column":2},"end":{"line":27,"column":3}},"type":"if","locations":[{"start":{"line":25,"column":2},"end":{"line":27,"column":3}},{"start":{},"end":{}}],"line":25},"4":{"loc":{"start":{"line":25,"column":8},"end":{"line":25,"column":54}},"type":"binary-expr","locations":[{"start":{"line":25,"column":8},"end":{"line":25,"column":33}},{"start":{"line":25,"column":37},"end":{"line":25,"column":54}}],"line":25},"5":{"loc":{"start":{"line":29,"column":2},"end":{"line":33,"column":3}},"type":"if","locations":[{"start":{"line":29,"column":2},"end":{"line":33,"column":3}},{"start":{},"end":{}}],"line":29}},"s":{"0":8,"1":1,"2":7,"3":1,"4":6,"5":1,"6":5,"7":5,"8":1,"9":4,"10":1,"11":3,"12":3},"f":{"0":8},"b":{"0":[1,7],"1":[1,6],"2":[1,5],"3":[1,4],"4":[5,5],"5":[1,3]},"_coverageSchema":"1a1c01bbd47fc00a2c39e90264f33305004495a9","hash":"4ecb0a1eb8c6c42d7b72b1b1c38fd1a787ffe30d"}
,"C:\\Users\\Aicha\\Desktop\\MAJ_project\\my-app\\src\\utils\\validations.js": {"path":"C:\\Users\\Aicha\\Desktop\\MAJ_project\\my-app\\src\\utils\\validations.js","statementMap":{"0":{"start":{"line":8,"column":32},"end":{"line":13,"column":66}},"1":{"start":{"line":9,"column":2},"end":{"line":13,"column":66}},"2":{"start":{"line":22,"column":31},"end":{"line":27,"column":66}},"3":{"start":{"line":23,"column":2},"end":{"line":27,"column":66}},"4":{"start":{"line":36,"column":28},"end":{"line":41,"column":29}},"5":{"start":{"line":37,"column":2},"end":{"line":41,"column":29}},"6":{"start":{"line":50,"column":33},"end":{"line":55,"column":55}},"7":{"start":{"line":51,"column":2},"end":{"line":55,"column":55}},"8":{"start":{"line":64,"column":27},"end":{"line":69,"column":66}},"9":{"start":{"line":65,"column":2},"end":{"line":69,"column":66}},"10":{"start":{"line":78,"column":32},"end":{"line":91,"column":1}},"11":{"start":{"line":79,"column":20},"end":{"line":79,"column":39}},"12":{"start":{"line":80,"column":22},"end":{"line":80,"column":32}},"13":{"start":{"line":82,"column":2},"end":{"line":84,"column":3}},"14":{"start":{"line":83,"column":4},"end":{"line":83,"column":48}},"15":{"start":{"line":86,"column":2},"end":{"line":88,"column":3}},"16":{"start":{"line":87,"column":4},"end":{"line":87,"column":66}},"17":{"start":{"line":90,"column":2},"end":{"line":90,"column":12}}},"fnMap":{"0":{"name":"(anonymous_0)","decl":{"start":{"line":8,"column":32},"end":{"line":8,"column":33}},"loc":{"start":{"line":9,"column":2},"end":{"line":13,"column":66}},"line":9},"1":{"name":"(anonymous_1)","decl":{"start":{"line":22,"column":31},"end":{"line":22,"column":32}},"loc":{"start":{"line":23,"column":2},"end":{"line":27,"column":66}},"line":23},"2":{"name":"(anonymous_2)","decl":{"start":{"line":36,"column":28},"end":{"line":36,"column":29}},"loc":{"start":{"line":37,"column":2},"end":{"line":41,"column":29}},"line":37},"3":{"name":"(anonymous_3)","decl":{"start":{"line":50,"column":33},"end":{"line":50,"column":34}},"loc":{"start":{"line":51,"column":2},"end":{"line":55,"column":55}},"line":51},"4":{"name":"(anonymous_4)","decl":{"start":{"line":64,"column":27},"end":{"line":64,"column":28}},"loc":{"start":{"line":65,"column":2},"end":{"line":69,"column":66}},"line":65},"5":{"name":"(anonymous_5)","decl":{"start":{"line":78,"column":32},"end":{"line":78,"column":33}},"loc":{"start":{"line":78,"column":47},"end":{"line":91,"column":1}},"line":78}},"branchMap":{"0":{"loc":{"start":{"line":9,"column":2},"end":{"line":13,"column":66}},"type":"cond-expr","locations":[{"start":{"line":10,"column":6},"end":{"line":10,"column":26}},{"start":{"line":11,"column":6},"end":{"line":13,"column":66}}],"line":9},"1":{"loc":{"start":{"line":11,"column":6},"end":{"line":13,"column":66}},"type":"cond-expr","locations":[{"start":{"line":12,"column":6},"end":{"line":12,"column":8}},{"start":{"line":13,"column":6},"end":{"line":13,"column":66}}],"line":11},"2":{"loc":{"start":{"line":23,"column":2},"end":{"line":27,"column":66}},"type":"cond-expr","locations":[{"start":{"line":24,"column":6},"end":{"line":24,"column":26}},{"start":{"line":25,"column":6},"end":{"line":27,"column":66}}],"line":23},"3":{"loc":{"start":{"line":25,"column":6},"end":{"line":27,"column":66}},"type":"cond-expr","locations":[{"start":{"line":26,"column":6},"end":{"line":26,"column":8}},{"start":{"line":27,"column":6},"end":{"line":27,"column":66}}],"line":25},"4":{"loc":{"start":{"line":37,"column":2},"end":{"line":41,"column":29}},"type":"cond-expr","locations":[{"start":{"line":38,"column":6},"end":{"line":38,"column":26}},{"start":{"line":39,"column":6},"end":{"line":41,"column":29}}],"line":37},"5":{"loc":{"start":{"line":39,"column":6},"end":{"line":41,"column":29}},"type":"cond-expr","locations":[{"start":{"line":40,"column":6},"end":{"line":40,"column":8}},{"start":{"line":41,"column":6},"end":{"line":41,"column":29}}],"line":39},"6":{"loc":{"start":{"line":51,"column":2},"end":{"line":55,"column":55}},"type":"cond-expr","locations":[{"start":{"line":52,"column":6},"end":{"line":52,"column":26}},{"start":{"line":53,"column":6},"end":{"line":55,"column":55}}],"line":51},"7":{"loc":{"start":{"line":53,"column":6},"end":{"line":55,"column":55}},"type":"cond-expr","locations":[{"start":{"line":54,"column":6},"end":{"line":54,"column":8}},{"start":{"line":55,"column":6},"end":{"line":55,"column":55}}],"line":53},"8":{"loc":{"start":{"line":65,"column":2},"end":{"line":69,"column":66}},"type":"cond-expr","locations":[{"start":{"line":66,"column":6},"end":{"line":66,"column":26}},{"start":{"line":67,"column":6},"end":{"line":69,"column":66}}],"line":65},"9":{"loc":{"start":{"line":67,"column":6},"end":{"line":69,"column":66}},"type":"cond-expr","locations":[{"start":{"line":68,"column":6},"end":{"line":68,"column":8}},{"start":{"line":69,"column":6},"end":{"line":69,"column":66}}],"line":67},"10":{"loc":{"start":{"line":82,"column":2},"end":{"line":84,"column":3}},"type":"if","locations":[{"start":{"line":82,"column":2},"end":{"line":84,"column":3}},{"start":{},"end":{}}],"line":82},"11":{"loc":{"start":{"line":82,"column":8},"end":{"line":82,"column":54}},"type":"binary-expr","locations":[{"start":{"line":82,"column":8},"end":{"line":82,"column":33}},{"start":{"line":82,"column":37},"end":{"line":82,"column":54}}],"line":82},"12":{"loc":{"start":{"line":86,"column":2},"end":{"line":88,"column":3}},"type":"if","locations":[{"start":{"line":86,"column":2},"end":{"line":88,"column":3}},{"start":{},"end":{}}],"line":86}},"s":{"0":3,"1":20,"2":3,"3":21,"4":3,"5":15,"6":3,"7":13,"8":3,"9":11,"10":3,"11":12,"12":12,"13":12,"14":1,"15":11,"16":2,"17":9},"f":{"0":20,"1":21,"2":15,"3":13,"4":11,"5":12},"b":{"0":[1,19],"1":[15,4],"2":[1,20],"3":[16,4],"4":[1,14],"5":[8,6],"6":[1,12],"7":[8,4],"8":[1,10],"9":[9,1],"10":[1,11],"11":[12,12],"12":[2,9]},"_coverageSchema":"1a1c01bbd47fc00a2c39e90264f33305004495a9","hash":"edacfc069378672cf0b27eb89a497a09d676a991"}
}
