{"C:\\Users\\Aicha\\Desktop\\MAJ_project-1\\my-app\\src\\App.js": {"path":"C:\\Users\\Aicha\\Desktop\\MAJ_project-1\\my-app\\src\\App.js","statementMap":{"0":{"start":{"line":7,"column":15},"end":{"line":7,"column":19}},"1":{"start":{"line":8,"column":28},"end":{"line":8,"column":40}},"2":{"start":{"line":9,"column":34},"end":{"line":9,"column":46}},"3":{"start":{"line":10,"column":42},"end":{"line":10,"column":54}},"4":{"start":{"line":12,"column":2},"end":{"line":14,"column":9}},"5":{"start":{"line":13,"column":4},"end":{"line":13,"column":15}},"6":{"start":{"line":17,"column":4},"end":{"line":25,"column":5}},"7":{"start":{"line":18,"column":18},"end":{"line":20,"column":8}},"8":{"start":{"line":21,"column":23},"end":{"line":21,"column":46}},"9":{"start":{"line":22,"column":6},"end":{"line":22,"column":30}},"10":{"start":{"line":24,"column":6},"end":{"line":24,"column":27}},"11":{"start":{"line":28,"column":23},"end":{"line":33,"column":3}},"12":{"start":{"line":29,"column":4},"end":{"line":32,"column":8}},"13":{"start":{"line":29,"column":36},"end":{"line":32,"column":5}},"14":{"start":{"line":35,"column":21},"end":{"line":48,"column":3}},"15":{"start":{"line":36,"column":4},"end":{"line":47,"column":5}},"16":{"start":{"line":37,"column":6},"end":{"line":39,"column":9}},"17":{"start":{"line":40,"column":6},"end":{"line":40,"column":22}},"18":{"start":{"line":41,"column":6},"end":{"line":41,"column":26}},"19":{"start":{"line":42,"column":6},"end":{"line":42,"column":17}},"20":{"start":{"line":43,"column":6},"end":{"line":43,"column":58}},"21":{"start":{"line":45,"column":6},"end":{"line":45,"column":27}},"22":{"start":{"line":46,"column":6},"end":{"line":46,"column":70}},"23":{"start":{"line":50,"column":17},"end":{"line":50,"column":37}},"24":{"start":{"line":51,"column":4},"end":{"line":55,"column":7}},"25":{"start":{"line":58,"column":2},"end":{"line":156,"column":4}},"26":{"start":{"line":84,"column":14},"end":{"line":145,"column":20}},"27":{"start":{"line":120,"column":41},"end":{"line":120,"column":68}},"28":{"start":{"line":125,"column":39},"end":{"line":125,"column":59}},"29":{"start":{"line":131,"column":39},"end":{"line":131,"column":58}},"30":{"start":{"line":139,"column":37},"end":{"line":139,"column":56}}},"fnMap":{"0":{"name":"App","decl":{"start":{"line":6,"column":9},"end":{"line":6,"column":12}},"loc":{"start":{"line":6,"column":15},"end":{"line":157,"column":1}},"line":6},"1":{"name":"(anonymous_1)","decl":{"start":{"line":12,"column":12},"end":{"line":12,"column":13}},"loc":{"start":{"line":12,"column":18},"end":{"line":14,"column":3}},"line":12},"2":{"name":"getUsers","decl":{"start":{"line":16,"column":17},"end":{"line":16,"column":25}},"loc":{"start":{"line":16,"column":28},"end":{"line":26,"column":3}},"line":16},"3":{"name":"(anonymous_3)","decl":{"start":{"line":28,"column":23},"end":{"line":28,"column":24}},"loc":{"start":{"line":28,"column":34},"end":{"line":33,"column":3}},"line":28},"4":{"name":"(anonymous_4)","decl":{"start":{"line":29,"column":20},"end":{"line":29,"column":21}},"loc":{"start":{"line":29,"column":36},"end":{"line":32,"column":5}},"line":29},"5":{"name":"(anonymous_5)","decl":{"start":{"line":35,"column":21},"end":{"line":35,"column":22}},"loc":{"start":{"line":35,"column":35},"end":{"line":48,"column":3}},"line":35},"6":{"name":"formatDate","decl":{"start":{"line":49,"column":11},"end":{"line":49,"column":21}},"loc":{"start":{"line":49,"column":34},"end":{"line":56,"column":3}},"line":49},"7":{"name":"(anonymous_7)","decl":{"start":{"line":83,"column":23},"end":{"line":83,"column":24}},"loc":{"start":{"line":84,"column":14},"end":{"line":145,"column":20}},"line":84},"8":{"name":"(anonymous_8)","decl":{"start":{"line":120,"column":34},"end":{"line":120,"column":35}},"loc":{"start":{"line":120,"column":41},"end":{"line":120,"column":68}},"line":120},"9":{"name":"(anonymous_9)","decl":{"start":{"line":125,"column":33},"end":{"line":125,"column":34}},"loc":{"start":{"line":125,"column":39},"end":{"line":125,"column":59}},"line":125},"10":{"name":"(anonymous_10)","decl":{"start":{"line":131,"column":33},"end":{"line":131,"column":34}},"loc":{"start":{"line":131,"column":39},"end":{"line":131,"column":58}},"line":131},"11":{"name":"(anonymous_11)","decl":{"start":{"line":139,"column":31},"end":{"line":139,"column":32}},"loc":{"start":{"line":139,"column":37},"end":{"line":139,"column":56}},"line":139}},"branchMap":{"0":{"loc":{"start":{"line":114,"column":19},"end":{"line":143,"column":19}},"type":"cond-expr","locations":[{"start":{"line":115,"column":20},"end":{"line":135,"column":26}},{"start":{"line":137,"column":20},"end":{"line":142,"column":29}}],"line":114},"1":{"loc":{"start":{"line":147,"column":13},"end":{"line":151,"column":13}},"type":"binary-expr","locations":[{"start":{"line":147,"column":13},"end":{"line":147,"column":31}},{"start":{"line":148,"column":14},"end":{"line":150,"column":18}}],"line":147}},"s":{"0":1,"1":1,"2":1,"3":1,"4":1,"5":1,"6":1,"7":1,"8":1,"9":0,"10":0,"11":1,"12":0,"13":0,"14":1,"15":0,"16":0,"17":0,"18":0,"19":0,"20":0,"21":0,"22":0,"23":0,"24":0,"25":1,"26":0,"27":0,"28":0,"29":0,"30":0},"f":{"0":1,"1":1,"2":1,"3":0,"4":0,"5":0,"6":0,"7":0,"8":0,"9":0,"10":0,"11":0},"b":{"0":[0,0],"1":[1,1]},"_coverageSchema":"1a1c01bbd47fc00a2c39e90264f33305004495a9","hash":"cbeb097fefe3f8ef073ae202a159d12075bd8a24"}
,"C:\\Users\\Aicha\\Desktop\\MAJ_project-1\\my-app\\src\\components\\Form.js": {"path":"C:\\Users\\Aicha\\Desktop\\MAJ_project-1\\my-app\\src\\components\\Form.js","statementMap":{"0":{"start":{"line":28,"column":34},"end":{"line":35,"column":4}},"1":{"start":{"line":37,"column":30},"end":{"line":44,"column":4}},"2":{"start":{"line":51,"column":28},"end":{"line":56,"column":3}},"3":{"start":{"line":52,"column":28},"end":{"line":52,"column":36}},"4":{"start":{"line":53,"column":4},"end":{"line":53,"column":48}},"5":{"start":{"line":54,"column":25},"end":{"line":54,"column":51}},"6":{"start":{"line":55,"column":4},"end":{"line":55,"column":51}},"7":{"start":{"line":65,"column":21},"end":{"line":72,"column":3}},"8":{"start":{"line":74,"column":24},"end":{"line":77,"column":3}},"9":{"start":{"line":75,"column":22},"end":{"line":75,"column":38}},"10":{"start":{"line":76,"column":4},"end":{"line":76,"column":45}},"11":{"start":{"line":82,"column":21},"end":{"line":110,"column":3}},"12":{"start":{"line":83,"column":23},"end":{"line":83,"column":25}},"13":{"start":{"line":84,"column":4},"end":{"line":87,"column":7}},"14":{"start":{"line":85,"column":27},"end":{"line":85,"column":62}},"15":{"start":{"line":86,"column":6},"end":{"line":86,"column":38}},"16":{"start":{"line":89,"column":4},"end":{"line":89,"column":26}},"17":{"start":{"line":90,"column":17},"end":{"line":90,"column":50}},"18":{"start":{"line":91,"column":16},"end":{"line":91,"column":59}},"19":{"start":{"line":92,"column":20},"end":{"line":92,"column":28}},"20":{"start":{"line":94,"column":4},"end":{"line":109,"column":5}},"21":{"start":{"line":94,"column":62},"end":{"line":94,"column":68}},"22":{"start":{"line":95,"column":6},"end":{"line":106,"column":7}},"23":{"start":{"line":96,"column":20},"end":{"line":98,"column":10}},"24":{"start":{"line":100,"column":25},"end":{"line":100,"column":59}},"25":{"start":{"line":101,"column":8},"end":{"line":101,"column":47}},"26":{"start":{"line":102,"column":8},"end":{"line":102,"column":19}},"27":{"start":{"line":103,"column":8},"end":{"line":103,"column":52}},"28":{"start":{"line":105,"column":8},"end":{"line":105,"column":53}},"29":{"start":{"line":107,"column":11},"end":{"line":109,"column":5}},"30":{"start":{"line":108,"column":6},"end":{"line":108,"column":64}},"31":{"start":{"line":118,"column":2},"end":{"line":393,"column":4}},"32":{"start":{"line":121,"column":25},"end":{"line":121,"column":43}},"33":{"start":{"line":353,"column":52},"end":{"line":353,"column":64}},"34":{"start":{"line":363,"column":55},"end":{"line":363,"column":67}},"35":{"start":{"line":373,"column":55},"end":{"line":373,"column":67}},"36":{"start":{"line":385,"column":49},"end":{"line":385,"column":61}}},"fnMap":{"0":{"name":"Form","decl":{"start":{"line":21,"column":24},"end":{"line":21,"column":28}},"loc":{"start":{"line":21,"column":43},"end":{"line":394,"column":1}},"line":21},"1":{"name":"(anonymous_1)","decl":{"start":{"line":51,"column":28},"end":{"line":51,"column":29}},"loc":{"start":{"line":51,"column":35},"end":{"line":56,"column":3}},"line":51},"2":{"name":"(anonymous_2)","decl":{"start":{"line":74,"column":24},"end":{"line":74,"column":25}},"loc":{"start":{"line":74,"column":41},"end":{"line":77,"column":3}},"line":74},"3":{"name":"(anonymous_3)","decl":{"start":{"line":82,"column":21},"end":{"line":82,"column":22}},"loc":{"start":{"line":82,"column":33},"end":{"line":110,"column":3}},"line":82},"4":{"name":"(anonymous_4)","decl":{"start":{"line":84,"column":34},"end":{"line":84,"column":35}},"loc":{"start":{"line":84,"column":44},"end":{"line":87,"column":5}},"line":84},"5":{"name":"(anonymous_5)","decl":{"start":{"line":94,"column":51},"end":{"line":94,"column":52}},"loc":{"start":{"line":94,"column":62},"end":{"line":94,"column":68}},"line":94},"6":{"name":"(anonymous_6)","decl":{"start":{"line":121,"column":18},"end":{"line":121,"column":19}},"loc":{"start":{"line":121,"column":25},"end":{"line":121,"column":43}},"line":121},"7":{"name":"(anonymous_7)","decl":{"start":{"line":353,"column":41},"end":{"line":353,"column":42}},"loc":{"start":{"line":353,"column":52},"end":{"line":353,"column":64}},"line":353},"8":{"name":"(anonymous_8)","decl":{"start":{"line":363,"column":44},"end":{"line":363,"column":45}},"loc":{"start":{"line":363,"column":55},"end":{"line":363,"column":67}},"line":363},"9":{"name":"(anonymous_9)","decl":{"start":{"line":373,"column":44},"end":{"line":373,"column":45}},"loc":{"start":{"line":373,"column":55},"end":{"line":373,"column":67}},"line":373},"10":{"name":"(anonymous_10)","decl":{"start":{"line":385,"column":38},"end":{"line":385,"column":39}},"loc":{"start":{"line":385,"column":49},"end":{"line":385,"column":61}},"line":385}},"branchMap":{"0":{"loc":{"start":{"line":76,"column":11},"end":{"line":76,"column":44}},"type":"cond-expr","locations":[{"start":{"line":76,"column":23},"end":{"line":76,"column":39}},{"start":{"line":76,"column":42},"end":{"line":76,"column":44}}],"line":76},"1":{"loc":{"start":{"line":94,"column":4},"end":{"line":109,"column":5}},"type":"if","locations":[{"start":{"line":94,"column":4},"end":{"line":109,"column":5}},{"start":{"line":107,"column":11},"end":{"line":109,"column":5}}],"line":94},"2":{"loc":{"start":{"line":94,"column":8},"end":{"line":94,"column":69}},"type":"binary-expr","locations":[{"start":{"line":94,"column":8},"end":{"line":94,"column":15}},{"start":{"line":94,"column":19},"end":{"line":94,"column":69}}],"line":94},"3":{"loc":{"start":{"line":107,"column":11},"end":{"line":109,"column":5}},"type":"if","locations":[{"start":{"line":107,"column":11},"end":{"line":109,"column":5}},{"start":{},"end":{}}],"line":107},"4":{"loc":{"start":{"line":148,"column":16},"end":{"line":148,"column":71}},"type":"cond-expr","locations":[{"start":{"line":148,"column":35},"end":{"line":148,"column":51}},{"start":{"line":148,"column":54},"end":{"line":148,"column":71}}],"line":148},"5":{"loc":{"start":{"line":183,"column":16},"end":{"line":183,"column":70}},"type":"cond-expr","locations":[{"start":{"line":183,"column":34},"end":{"line":183,"column":50}},{"start":{"line":183,"column":53},"end":{"line":183,"column":70}}],"line":183},"6":{"loc":{"start":{"line":216,"column":16},"end":{"line":216,"column":67}},"type":"cond-expr","locations":[{"start":{"line":216,"column":31},"end":{"line":216,"column":47}},{"start":{"line":216,"column":50},"end":{"line":216,"column":67}}],"line":216},"7":{"loc":{"start":{"line":249,"column":16},"end":{"line":249,"column":71}},"type":"cond-expr","locations":[{"start":{"line":249,"column":35},"end":{"line":249,"column":51}},{"start":{"line":249,"column":54},"end":{"line":249,"column":71}}],"line":249},"8":{"loc":{"start":{"line":284,"column":16},"end":{"line":284,"column":66}},"type":"cond-expr","locations":[{"start":{"line":284,"column":30},"end":{"line":284,"column":46}},{"start":{"line":284,"column":49},"end":{"line":284,"column":66}}],"line":284},"9":{"loc":{"start":{"line":319,"column":16},"end":{"line":319,"column":72}},"type":"cond-expr","locations":[{"start":{"line":319,"column":36},"end":{"line":319,"column":52}},{"start":{"line":319,"column":55},"end":{"line":319,"column":72}}],"line":319},"10":{"loc":{"start":{"line":347,"column":14},"end":{"line":353,"column":65}},"type":"binary-expr","locations":[{"start":{"line":347,"column":14},"end":{"line":347,"column":33}},{"start":{"line":348,"column":14},"end":{"line":348,"column":32}},{"start":{"line":349,"column":14},"end":{"line":349,"column":33}},{"start":{"line":350,"column":14},"end":{"line":350,"column":29}},{"start":{"line":351,"column":14},"end":{"line":351,"column":34}},{"start":{"line":352,"column":14},"end":{"line":352,"column":28}},{"start":{"line":353,"column":14},"end":{"line":353,"column":65}}],"line":347},"11":{"loc":{"start":{"line":357,"column":16},"end":{"line":365,"column":33}},"type":"cond-expr","locations":[{"start":{"line":364,"column":20},"end":{"line":364,"column":29}},{"start":{"line":365,"column":20},"end":{"line":365,"column":33}}],"line":357},"12":{"loc":{"start":{"line":357,"column":16},"end":{"line":363,"column":68}},"type":"binary-expr","locations":[{"start":{"line":357,"column":16},"end":{"line":357,"column":34}},{"start":{"line":358,"column":16},"end":{"line":358,"column":33}},{"start":{"line":359,"column":16},"end":{"line":359,"column":34}},{"start":{"line":360,"column":16},"end":{"line":360,"column":30}},{"start":{"line":361,"column":16},"end":{"line":361,"column":35}},{"start":{"line":362,"column":16},"end":{"line":362,"column":29}},{"start":{"line":363,"column":16},"end":{"line":363,"column":68}}],"line":357},"13":{"loc":{"start":{"line":367,"column":16},"end":{"line":375,"column":23}},"type":"cond-expr","locations":[{"start":{"line":374,"column":20},"end":{"line":374,"column":21}},{"start":{"line":375,"column":20},"end":{"line":375,"column":23}}],"line":367},"14":{"loc":{"start":{"line":367,"column":16},"end":{"line":373,"column":68}},"type":"binary-expr","locations":[{"start":{"line":367,"column":16},"end":{"line":367,"column":34}},{"start":{"line":368,"column":16},"end":{"line":368,"column":33}},{"start":{"line":369,"column":16},"end":{"line":369,"column":34}},{"start":{"line":370,"column":16},"end":{"line":370,"column":30}},{"start":{"line":371,"column":16},"end":{"line":371,"column":35}},{"start":{"line":372,"column":16},"end":{"line":372,"column":29}},{"start":{"line":373,"column":16},"end":{"line":373,"column":68}}],"line":367},"15":{"loc":{"start":{"line":385,"column":11},"end":{"line":389,"column":11}},"type":"binary-expr","locations":[{"start":{"line":385,"column":11},"end":{"line":385,"column":62}},{"start":{"line":386,"column":12},"end":{"line":388,"column":16}}],"line":385}},"s":{"0":136,"1":136,"2":136,"3":68,"4":68,"5":68,"6":68,"7":136,"8":136,"9":68,"10":68,"11":136,"12":0,"13":0,"14":0,"15":0,"16":0,"17":0,"18":0,"19":0,"20":0,"21":0,"22":0,"23":0,"24":0,"25":0,"26":0,"27":0,"28":0,"29":0,"30":0,"31":136,"32":2,"33":36,"34":36,"35":36,"36":773},"f":{"0":136,"1":68,"2":68,"3":0,"4":0,"5":0,"6":2,"7":36,"8":36,"9":36,"10":773},"b":{"0":[68,0],"1":[0,0],"2":[0,0],"3":[0,0],"4":[3,133],"5":[3,133],"6":[5,131],"7":[1,135],"8":[0,136],"9":[3,133],"10":[136,38,30,16,16,6,6],"11":[6,130],"12":[136,38,30,16,16,6,6],"13":[6,130],"14":[136,38,30,16,16,6,6],"15":[136,15]},"_coverageSchema":"1a1c01bbd47fc00a2c39e90264f33305004495a9","hash":"96e17986258f45bd9363f9e0f04bbe491d18f141"}
,"C:\\Users\\Aicha\\Desktop\\MAJ_project-1\\my-app\\src\\utils\\calculateAge.js": {"path":"C:\\Users\\Aicha\\Desktop\\MAJ_project-1\\my-app\\src\\utils\\calculateAge.js","statementMap":{"0":{"start":{"line":11,"column":2},"end":{"line":13,"column":3}},"1":{"start":{"line":12,"column":4},"end":{"line":12,"column":46}},"2":{"start":{"line":15,"column":2},"end":{"line":17,"column":3}},"3":{"start":{"line":16,"column":4},"end":{"line":16,"column":69}},"4":{"start":{"line":19,"column":2},"end":{"line":21,"column":3}},"5":{"start":{"line":20,"column":4},"end":{"line":20,"column":70}},"6":{"start":{"line":23,"column":20},"end":{"line":23,"column":37}},"7":{"start":{"line":25,"column":2},"end":{"line":27,"column":3}},"8":{"start":{"line":26,"column":4},"end":{"line":26,"column":73}},"9":{"start":{"line":29,"column":2},"end":{"line":33,"column":3}},"10":{"start":{"line":30,"column":4},"end":{"line":32,"column":6}},"11":{"start":{"line":35,"column":19},"end":{"line":35,"column":61}},"12":{"start":{"line":36,"column":2},"end":{"line":36,"column":52}}},"fnMap":{"0":{"name":"calculateAge","decl":{"start":{"line":10,"column":16},"end":{"line":10,"column":28}},"loc":{"start":{"line":10,"column":32},"end":{"line":37,"column":1}},"line":10}},"branchMap":{"0":{"loc":{"start":{"line":11,"column":2},"end":{"line":13,"column":3}},"type":"if","locations":[{"start":{"line":11,"column":2},"end":{"line":13,"column":3}},{"start":{},"end":{}}],"line":11},"1":{"loc":{"start":{"line":15,"column":2},"end":{"line":17,"column":3}},"type":"if","locations":[{"start":{"line":15,"column":2},"end":{"line":17,"column":3}},{"start":{},"end":{}}],"line":15},"2":{"loc":{"start":{"line":19,"column":2},"end":{"line":21,"column":3}},"type":"if","locations":[{"start":{"line":19,"column":2},"end":{"line":21,"column":3}},{"start":{},"end":{}}],"line":19},"3":{"loc":{"start":{"line":25,"column":2},"end":{"line":27,"column":3}},"type":"if","locations":[{"start":{"line":25,"column":2},"end":{"line":27,"column":3}},{"start":{},"end":{}}],"line":25},"4":{"loc":{"start":{"line":25,"column":8},"end":{"line":25,"column":54}},"type":"binary-expr","locations":[{"start":{"line":25,"column":8},"end":{"line":25,"column":33}},{"start":{"line":25,"column":37},"end":{"line":25,"column":54}}],"line":25},"5":{"loc":{"start":{"line":29,"column":2},"end":{"line":33,"column":3}},"type":"if","locations":[{"start":{"line":29,"column":2},"end":{"line":33,"column":3}},{"start":{},"end":{}}],"line":29}},"s":{"0":8,"1":1,"2":7,"3":1,"4":6,"5":1,"6":5,"7":5,"8":1,"9":4,"10":1,"11":3,"12":3},"f":{"0":8},"b":{"0":[1,7],"1":[1,6],"2":[1,5],"3":[1,4],"4":[5,5],"5":[1,3]},"_coverageSchema":"1a1c01bbd47fc00a2c39e90264f33305004495a9","hash":"19e1423fd16061e973105094b2a8afa86665e036"}
,"C:\\Users\\Aicha\\Desktop\\MAJ_project-1\\my-app\\src\\utils\\validations.js": {"path":"C:\\Users\\Aicha\\Desktop\\MAJ_project-1\\my-app\\src\\utils\\validations.js","statementMap":{"0":{"start":{"line":8,"column":32},"end":{"line":19,"column":1}},"1":{"start":{"line":9,"column":2},"end":{"line":18,"column":3}},"2":{"start":{"line":10,"column":4},"end":{"line":10,"column":32}},"3":{"start":{"line":12,"column":20},"end":{"line":12,"column":56}},"4":{"start":{"line":13,"column":4},"end":{"line":17,"column":5}},"5":{"start":{"line":14,"column":6},"end":{"line":14,"column":16}},"6":{"start":{"line":16,"column":6},"end":{"line":16,"column":74}},"7":{"start":{"line":28,"column":31},"end":{"line":39,"column":1}},"8":{"start":{"line":29,"column":2},"end":{"line":38,"column":3}},"9":{"start":{"line":30,"column":4},"end":{"line":30,"column":32}},"10":{"start":{"line":32,"column":20},"end":{"line":32,"column":55}},"11":{"start":{"line":33,"column":4},"end":{"line":37,"column":5}},"12":{"start":{"line":34,"column":6},"end":{"line":34,"column":16}},"13":{"start":{"line":36,"column":6},"end":{"line":36,"column":74}},"14":{"start":{"line":48,"column":28},"end":{"line":59,"column":1}},"15":{"start":{"line":49,"column":2},"end":{"line":58,"column":3}},"16":{"start":{"line":50,"column":4},"end":{"line":50,"column":32}},"17":{"start":{"line":52,"column":20},"end":{"line":52,"column":60}},"18":{"start":{"line":53,"column":4},"end":{"line":57,"column":5}},"19":{"start":{"line":54,"column":6},"end":{"line":54,"column":16}},"20":{"start":{"line":56,"column":6},"end":{"line":56,"column":37}},"21":{"start":{"line":68,"column":33},"end":{"line":79,"column":1}},"22":{"start":{"line":69,"column":2},"end":{"line":78,"column":3}},"23":{"start":{"line":70,"column":4},"end":{"line":70,"column":32}},"24":{"start":{"line":72,"column":20},"end":{"line":72,"column":46}},"25":{"start":{"line":73,"column":4},"end":{"line":77,"column":5}},"26":{"start":{"line":74,"column":6},"end":{"line":74,"column":16}},"27":{"start":{"line":76,"column":6},"end":{"line":76,"column":63}},"28":{"start":{"line":88,"column":27},"end":{"line":101,"column":1}},"29":{"start":{"line":89,"column":2},"end":{"line":100,"column":3}},"30":{"start":{"line":90,"column":4},"end":{"line":90,"column":32}},"31":{"start":{"line":92,"column":24},"end":{"line":92,"column":35}},"32":{"start":{"line":93,"column":18},"end":{"line":93,"column":38}},"33":{"start":{"line":94,"column":20},"end":{"line":94,"column":43}},"34":{"start":{"line":95,"column":4},"end":{"line":99,"column":5}},"35":{"start":{"line":96,"column":6},"end":{"line":96,"column":16}},"36":{"start":{"line":98,"column":6},"end":{"line":98,"column":74}},"37":{"start":{"line":110,"column":32},"end":{"line":123,"column":1}},"38":{"start":{"line":111,"column":20},"end":{"line":111,"column":39}},"39":{"start":{"line":112,"column":22},"end":{"line":112,"column":32}},"40":{"start":{"line":114,"column":2},"end":{"line":116,"column":3}},"41":{"start":{"line":115,"column":4},"end":{"line":115,"column":48}},"42":{"start":{"line":118,"column":2},"end":{"line":120,"column":3}},"43":{"start":{"line":119,"column":4},"end":{"line":119,"column":66}},"44":{"start":{"line":122,"column":2},"end":{"line":122,"column":12}}},"fnMap":{"0":{"name":"(anonymous_0)","decl":{"start":{"line":8,"column":32},"end":{"line":8,"column":33}},"loc":{"start":{"line":8,"column":47},"end":{"line":19,"column":1}},"line":8},"1":{"name":"(anonymous_1)","decl":{"start":{"line":28,"column":31},"end":{"line":28,"column":32}},"loc":{"start":{"line":28,"column":45},"end":{"line":39,"column":1}},"line":28},"2":{"name":"(anonymous_2)","decl":{"start":{"line":48,"column":28},"end":{"line":48,"column":29}},"loc":{"start":{"line":48,"column":39},"end":{"line":59,"column":1}},"line":48},"3":{"name":"(anonymous_3)","decl":{"start":{"line":68,"column":33},"end":{"line":68,"column":34}},"loc":{"start":{"line":68,"column":49},"end":{"line":79,"column":1}},"line":68},"4":{"name":"(anonymous_4)","decl":{"start":{"line":88,"column":27},"end":{"line":88,"column":28}},"loc":{"start":{"line":88,"column":37},"end":{"line":101,"column":1}},"line":88},"5":{"name":"(anonymous_5)","decl":{"start":{"line":110,"column":32},"end":{"line":110,"column":33}},"loc":{"start":{"line":110,"column":47},"end":{"line":123,"column":1}},"line":110}},"branchMap":{"0":{"loc":{"start":{"line":9,"column":2},"end":{"line":18,"column":3}},"type":"if","locations":[{"start":{"line":9,"column":2},"end":{"line":18,"column":3}},{"start":{"line":11,"column":9},"end":{"line":18,"column":3}}],"line":9},"1":{"loc":{"start":{"line":13,"column":4},"end":{"line":17,"column":5}},"type":"if","locations":[{"start":{"line":13,"column":4},"end":{"line":17,"column":5}},{"start":{"line":15,"column":11},"end":{"line":17,"column":5}}],"line":13},"2":{"loc":{"start":{"line":29,"column":2},"end":{"line":38,"column":3}},"type":"if","locations":[{"start":{"line":29,"column":2},"end":{"line":38,"column":3}},{"start":{"line":31,"column":9},"end":{"line":38,"column":3}}],"line":29},"3":{"loc":{"start":{"line":33,"column":4},"end":{"line":37,"column":5}},"type":"if","locations":[{"start":{"line":33,"column":4},"end":{"line":37,"column":5}},{"start":{"line":35,"column":11},"end":{"line":37,"column":5}}],"line":33},"4":{"loc":{"start":{"line":49,"column":2},"end":{"line":58,"column":3}},"type":"if","locations":[{"start":{"line":49,"column":2},"end":{"line":58,"column":3}},{"start":{"line":51,"column":9},"end":{"line":58,"column":3}}],"line":49},"5":{"loc":{"start":{"line":53,"column":4},"end":{"line":57,"column":5}},"type":"if","locations":[{"start":{"line":53,"column":4},"end":{"line":57,"column":5}},{"start":{"line":55,"column":11},"end":{"line":57,"column":5}}],"line":53},"6":{"loc":{"start":{"line":69,"column":2},"end":{"line":78,"column":3}},"type":"if","locations":[{"start":{"line":69,"column":2},"end":{"line":78,"column":3}},{"start":{"line":71,"column":9},"end":{"line":78,"column":3}}],"line":69},"7":{"loc":{"start":{"line":73,"column":4},"end":{"line":77,"column":5}},"type":"if","locations":[{"start":{"line":73,"column":4},"end":{"line":77,"column":5}},{"start":{"line":75,"column":11},"end":{"line":77,"column":5}}],"line":73},"8":{"loc":{"start":{"line":89,"column":2},"end":{"line":100,"column":3}},"type":"if","locations":[{"start":{"line":89,"column":2},"end":{"line":100,"column":3}},{"start":{"line":91,"column":9},"end":{"line":100,"column":3}}],"line":89},"9":{"loc":{"start":{"line":95,"column":4},"end":{"line":99,"column":5}},"type":"if","locations":[{"start":{"line":95,"column":4},"end":{"line":99,"column":5}},{"start":{"line":97,"column":11},"end":{"line":99,"column":5}}],"line":95},"10":{"loc":{"start":{"line":114,"column":2},"end":{"line":116,"column":3}},"type":"if","locations":[{"start":{"line":114,"column":2},"end":{"line":116,"column":3}},{"start":{},"end":{}}],"line":114},"11":{"loc":{"start":{"line":114,"column":8},"end":{"line":114,"column":54}},"type":"binary-expr","locations":[{"start":{"line":114,"column":8},"end":{"line":114,"column":33}},{"start":{"line":114,"column":37},"end":{"line":114,"column":54}}],"line":114},"12":{"loc":{"start":{"line":118,"column":2},"end":{"line":120,"column":3}},"type":"if","locations":[{"start":{"line":118,"column":2},"end":{"line":120,"column":3}},{"start":{},"end":{}}],"line":118}},"s":{"0":3,"1":20,"2":1,"3":19,"4":19,"5":15,"6":4,"7":3,"8":21,"9":1,"10":20,"11":20,"12":16,"13":4,"14":3,"15":15,"16":1,"17":14,"18":14,"19":8,"20":6,"21":3,"22":13,"23":1,"24":12,"25":12,"26":8,"27":4,"28":3,"29":11,"30":1,"31":10,"32":10,"33":10,"34":10,"35":9,"36":1,"37":3,"38":12,"39":12,"40":12,"41":1,"42":11,"43":2,"44":9},"f":{"0":20,"1":21,"2":15,"3":13,"4":11,"5":12},"b":{"0":[1,19],"1":[15,4],"2":[1,20],"3":[16,4],"4":[1,14],"5":[8,6],"6":[1,12],"7":[8,4],"8":[1,10],"9":[9,1],"10":[1,11],"11":[12,12],"12":[2,9]},"_coverageSchema":"1a1c01bbd47fc00a2c39e90264f33305004495a9","hash":"3633d23dc73833e8c21d606defa1326627c449df"}
}
