TN:
SF:src\App.js
FN:6,App
FN:10,(anonymous_1)
FN:11,countUsers
FNF:3
FNH:3
FNDA:1,App
FNDA:1,(anonymous_1)
FNDA:1,countUsers
DA:7,1
DA:8,1
DA:10,1
DA:12,1
DA:13,1
DA:16,1
DA:17,0
DA:19,1
DA:22,1
DA:25,1
LF:10
LH:9
BRF:0
BRH:0
end_of_record
TN:
SF:src\components\Form.js
FN:20,Form
FN:50,(anonymous_1)
FN:64,(anonymous_2)
FN:86,(anonymous_3)
FN:88,(anonymous_4)
FN:98,(anonymous_5)
FN:361,(anonymous_6)
FN:371,(anonymous_7)
FN:381,(anonymous_8)
FN:393,(anonymous_9)
FNF:10
FNH:7
FNDA:136,Form
FNDA:68,(anonymous_1)
FNDA:68,(anonymous_2)
FNDA:0,(anonymous_3)
FNDA:0,(anonymous_4)
FNDA:0,(anonymous_5)
FNDA:36,(anonymous_6)
FNDA:36,(anonymous_7)
FNDA:36,(anonymous_8)
FNDA:773,(anonymous_9)
DA:27,136
DA:36,136
DA:50,136
DA:51,68
DA:52,68
DA:53,68
DA:54,68
DA:64,136
DA:65,68
DA:67,13
DA:69,17
DA:71,12
DA:73,10
DA:75,7
DA:77,9
DA:79,0
DA:86,136
DA:87,0
DA:88,0
DA:89,0
DA:90,0
DA:93,0
DA:95,0
DA:96,0
DA:98,0
DA:99,0
DA:100,0
DA:101,0
DA:110,0
DA:111,0
DA:115,0
DA:126,136
DA:361,36
DA:371,36
DA:381,36
DA:393,773
LF:36
LH:21
BRDA:65,0,0,13
BRDA:65,0,1,17
BRDA:65,0,2,12
BRDA:65,0,3,10
BRDA:65,0,4,7
BRDA:65,0,5,9
BRDA:65,0,6,0
BRDA:98,1,0,0
BRDA:98,1,1,0
BRDA:98,2,0,0
BRDA:98,2,1,0
BRDA:110,3,0,0
BRDA:110,3,1,0
BRDA:156,4,0,3
BRDA:156,4,1,133
BRDA:191,5,0,3
BRDA:191,5,1,133
BRDA:224,6,0,5
BRDA:224,6,1,131
BRDA:257,7,0,1
BRDA:257,7,1,135
BRDA:292,8,0,0
BRDA:292,8,1,136
BRDA:327,9,0,3
BRDA:327,9,1,133
BRDA:355,10,0,136
BRDA:355,10,1,38
BRDA:355,10,2,30
BRDA:355,10,3,16
BRDA:355,10,4,16
BRDA:355,10,5,6
BRDA:355,10,6,6
BRDA:365,11,0,6
BRDA:365,11,1,130
BRDA:365,12,0,136
BRDA:365,12,1,38
BRDA:365,12,2,30
BRDA:365,12,3,16
BRDA:365,12,4,16
BRDA:365,12,5,6
BRDA:365,12,6,6
BRDA:375,13,0,6
BRDA:375,13,1,130
BRDA:375,14,0,136
BRDA:375,14,1,38
BRDA:375,14,2,30
BRDA:375,14,3,16
BRDA:375,14,4,16
BRDA:375,14,5,6
BRDA:375,14,6,6
BRDA:393,15,0,136
BRDA:393,15,1,15
BRF:52
BRH:44
end_of_record
TN:
SF:src\utils\calculateAge.js
FN:10,calculateAge
FNF:1
FNH:1
FNDA:8,calculateAge
DA:11,8
DA:12,1
DA:15,7
DA:16,1
DA:19,6
DA:20,1
DA:23,5
DA:25,5
DA:26,1
DA:29,4
DA:30,1
DA:35,3
DA:36,3
LF:13
LH:13
BRDA:11,0,0,1
BRDA:11,0,1,7
BRDA:15,1,0,1
BRDA:15,1,1,6
BRDA:19,2,0,1
BRDA:19,2,1,5
BRDA:25,3,0,1
BRDA:25,3,1,4
BRDA:25,4,0,5
BRDA:25,4,1,5
BRDA:29,5,0,1
BRDA:29,5,1,3
BRF:12
BRH:12
end_of_record
TN:
SF:src\utils\validations.js
FN:8,(anonymous_0)
FN:22,(anonymous_1)
FN:36,(anonymous_2)
FN:50,(anonymous_3)
FN:64,(anonymous_4)
FN:78,(anonymous_5)
FNF:6
FNH:6
FNDA:20,(anonymous_0)
FNDA:21,(anonymous_1)
FNDA:15,(anonymous_2)
FNDA:13,(anonymous_3)
FNDA:11,(anonymous_4)
FNDA:12,(anonymous_5)
DA:8,3
DA:9,20
DA:22,3
DA:23,21
DA:36,3
DA:37,15
DA:50,3
DA:51,13
DA:64,3
DA:65,11
DA:78,3
DA:79,12
DA:80,12
DA:82,12
DA:83,1
DA:86,11
DA:87,2
DA:90,9
LF:18
LH:18
BRDA:9,0,0,1
BRDA:9,0,1,19
BRDA:11,1,0,15
BRDA:11,1,1,4
BRDA:23,2,0,1
BRDA:23,2,1,20
BRDA:25,3,0,16
BRDA:25,3,1,4
BRDA:37,4,0,1
BRDA:37,4,1,14
BRDA:39,5,0,8
BRDA:39,5,1,6
BRDA:51,6,0,1
BRDA:51,6,1,12
BRDA:53,7,0,8
BRDA:53,7,1,4
BRDA:65,8,0,1
BRDA:65,8,1,10
BRDA:67,9,0,9
BRDA:67,9,1,1
BRDA:82,10,0,1
BRDA:82,10,1,11
BRDA:82,11,0,12
BRDA:82,11,1,12
BRDA:86,12,0,2
BRDA:86,12,1,9
BRF:26
BRH:26
end_of_record
