TN:
SF:src\App.js
FN:6,App
FN:12,(anonymous_1)
FN:16,getUsers
FN:28,(anonymous_3)
FN:29,(anonymous_4)
FN:35,(anonymous_5)
FN:49,formatDate
FN:83,(anonymous_7)
FN:120,(anonymous_8)
FN:125,(anonymous_9)
FN:131,(anonymous_10)
FN:139,(anonymous_11)
FNF:12
FNH:0
FNDA:0,App
FNDA:0,(anonymous_1)
FNDA:0,getUsers
FNDA:0,(anonymous_3)
FNDA:0,(anonymous_4)
FNDA:0,(anonymous_5)
FNDA:0,formatDate
FNDA:0,(anonymous_7)
FNDA:0,(anonymous_8)
FNDA:0,(anonymous_9)
FNDA:0,(anonymous_10)
FNDA:0,(anonymous_11)
DA:7,0
DA:8,0
DA:9,0
DA:10,0
DA:12,0
DA:13,0
DA:17,0
DA:18,0
DA:21,0
DA:22,0
DA:24,0
DA:28,0
DA:29,0
DA:35,0
DA:36,0
DA:37,0
DA:40,0
DA:41,0
DA:42,0
DA:43,0
DA:45,0
DA:46,0
DA:50,0
DA:51,0
DA:58,0
DA:84,0
DA:120,0
DA:125,0
DA:131,0
DA:139,0
LF:30
LH:0
BRDA:114,0,0,0
BRDA:114,0,1,0
BRDA:147,1,0,0
BRDA:147,1,1,0
BRF:4
BRH:0
end_of_record
TN:
SF:src\components\Form.js
FN:21,Form
FN:51,(anonymous_1)
FN:74,(anonymous_2)
FN:82,(anonymous_3)
FN:84,(anonymous_4)
FN:94,(anonymous_5)
FN:121,(anonymous_6)
FN:353,(anonymous_7)
FN:363,(anonymous_8)
FN:373,(anonymous_9)
FN:385,(anonymous_10)
FNF:11
FNH:8
FNDA:135,Form
FNDA:68,(anonymous_1)
FNDA:68,(anonymous_2)
FNDA:0,(anonymous_3)
FNDA:0,(anonymous_4)
FNDA:0,(anonymous_5)
FNDA:2,(anonymous_6)
FNDA:36,(anonymous_7)
FNDA:36,(anonymous_8)
FNDA:36,(anonymous_9)
FNDA:767,(anonymous_10)
DA:28,135
DA:37,135
DA:51,135
DA:52,68
DA:53,68
DA:54,68
DA:55,68
DA:65,135
DA:74,135
DA:75,68
DA:76,68
DA:82,135
DA:83,0
DA:84,0
DA:85,0
DA:86,0
DA:89,0
DA:90,0
DA:91,0
DA:92,0
DA:94,0
DA:95,0
DA:96,0
DA:100,0
DA:101,0
DA:102,0
DA:103,0
DA:105,0
DA:107,0
DA:108,0
DA:118,135
DA:121,2
DA:353,36
DA:363,36
DA:373,36
DA:385,767
LF:36
LH:18
BRDA:76,0,0,68
BRDA:76,0,1,0
BRDA:94,1,0,0
BRDA:94,1,1,0
BRDA:94,2,0,0
BRDA:94,2,1,0
BRDA:107,3,0,0
BRDA:107,3,1,0
BRDA:148,4,0,3
BRDA:148,4,1,132
BRDA:183,5,0,3
BRDA:183,5,1,132
BRDA:216,6,0,5
BRDA:216,6,1,130
BRDA:249,7,0,1
BRDA:249,7,1,134
BRDA:284,8,0,0
BRDA:284,8,1,135
BRDA:319,9,0,3
BRDA:319,9,1,132
BRDA:347,10,0,135
BRDA:347,10,1,38
BRDA:347,10,2,30
BRDA:347,10,3,16
BRDA:347,10,4,16
BRDA:347,10,5,6
BRDA:347,10,6,6
BRDA:357,11,0,6
BRDA:357,11,1,129
BRDA:357,12,0,135
BRDA:357,12,1,38
BRDA:357,12,2,30
BRDA:357,12,3,16
BRDA:357,12,4,16
BRDA:357,12,5,6
BRDA:357,12,6,6
BRDA:367,13,0,6
BRDA:367,13,1,129
BRDA:367,14,0,135
BRDA:367,14,1,38
BRDA:367,14,2,30
BRDA:367,14,3,16
BRDA:367,14,4,16
BRDA:367,14,5,6
BRDA:367,14,6,6
BRDA:385,15,0,135
BRDA:385,15,1,15
BRF:47
BRH:39
end_of_record
TN:
SF:src\utils\calculateAge.js
FN:10,calculateAge
FNF:1
FNH:1
FNDA:8,calculateAge
DA:11,8
DA:12,1
DA:15,7
DA:16,1
DA:19,6
DA:20,1
DA:23,5
DA:25,5
DA:26,1
DA:29,4
DA:30,1
DA:35,3
DA:36,3
LF:13
LH:13
BRDA:11,0,0,1
BRDA:11,0,1,7
BRDA:15,1,0,1
BRDA:15,1,1,6
BRDA:19,2,0,1
BRDA:19,2,1,5
BRDA:25,3,0,1
BRDA:25,3,1,4
BRDA:25,4,0,5
BRDA:25,4,1,5
BRDA:29,5,0,1
BRDA:29,5,1,3
BRF:12
BRH:12
end_of_record
TN:
SF:src\utils\validations.js
FN:8,(anonymous_0)
FN:28,(anonymous_1)
FN:48,(anonymous_2)
FN:68,(anonymous_3)
FN:88,(anonymous_4)
FN:110,(anonymous_5)
FNF:6
FNH:6
FNDA:20,(anonymous_0)
FNDA:21,(anonymous_1)
FNDA:15,(anonymous_2)
FNDA:13,(anonymous_3)
FNDA:11,(anonymous_4)
FNDA:12,(anonymous_5)
DA:8,2
DA:9,20
DA:10,1
DA:12,19
DA:13,19
DA:14,15
DA:16,4
DA:28,2
DA:29,21
DA:30,1
DA:32,20
DA:33,20
DA:34,16
DA:36,4
DA:48,2
DA:49,15
DA:50,1
DA:52,14
DA:53,14
DA:54,8
DA:56,6
DA:68,2
DA:69,13
DA:70,1
DA:72,12
DA:73,12
DA:74,8
DA:76,4
DA:88,2
DA:89,11
DA:90,1
DA:92,10
DA:93,10
DA:94,10
DA:95,10
DA:96,9
DA:98,1
DA:110,2
DA:111,12
DA:112,12
DA:114,12
DA:115,1
DA:118,11
DA:119,2
DA:122,9
LF:45
LH:45
BRDA:9,0,0,1
BRDA:9,0,1,19
BRDA:13,1,0,15
BRDA:13,1,1,4
BRDA:29,2,0,1
BRDA:29,2,1,20
BRDA:33,3,0,16
BRDA:33,3,1,4
BRDA:49,4,0,1
BRDA:49,4,1,14
BRDA:53,5,0,8
BRDA:53,5,1,6
BRDA:69,6,0,1
BRDA:69,6,1,12
BRDA:73,7,0,8
BRDA:73,7,1,4
BRDA:89,8,0,1
BRDA:89,8,1,10
BRDA:95,9,0,9
BRDA:95,9,1,1
BRDA:114,10,0,1
BRDA:114,10,1,11
BRDA:114,11,0,12
BRDA:114,11,1,12
BRDA:118,12,0,2
BRDA:118,12,1,9
BRF:26
BRH:26
end_of_record
